[2026-06-08 22:30:37] Instalando o Apache2...

WARNING: apt does not have a stable CLI interface. Use with caution in scripts.

Hit:1 http://security.ubuntu.com/ubuntu jammy-security InRelease
Hit:2 http://archive.ubuntu.com/ubuntu jammy InRelease
Hit:3 http://archive.ubuntu.com/ubuntu jammy-updates InRelease
Hit:4 http://archive.ubuntu.com/ubuntu jammy-backports InRelease
Reading package lists...
Building dependency tree...
Reading state information...
All packages are up to date.

WARNING: apt does not have a stable CLI interface. Use with caution in scripts.

Reading package lists...
Building dependency tree...
Reading state information...
apache2 is already the newest version (2.4.52-1ubuntu4.21).
0 upgraded, 0 newly installed, 0 to remove and 0 not upgraded.
[2026-06-08 22:30:42] [OK] Apache2 instalado.
[2026-06-08 22:30:42] Instalando ferramenta de audio (ffmpeg) - coerente com o tema podcasts...

WARNING: apt does not have a stable CLI interface. Use with caution in scripts.

Reading package lists...
Building dependency tree...
Reading state information...
ffmpeg is already the newest version (7:4.4.2-0ubuntu0.22.04.1).
0 upgraded, 0 newly installed, 0 to remove and 0 not upgraded.
[2026-06-08 22:30:44] [OK] ffmpeg instalado (conversao/transcodificacao de audios).
[2026-06-08 22:30:44] Iniciando o servico Apache...
 * Starting Apache httpd web server apache2
 * 
[2026-06-08 22:30:44] [OK] Apache iniciado via 'service'.
[2026-06-08 22:30:44] [OK] Apache esta instalado no sistema.
[2026-06-08 22:30:44] Versao instalada: Server version: Apache/2.4.52 (Ubuntu)
